2018-06-26 18:31:36 Connecting to database CsvJdbc () with *autoconnection=false
2018-06-26 18:31:36 Connecting to database Flicka () with *autoconnection=false
2018-06-26 18:31:36 Looking for parameters in externa file.
2018-06-26 18:31:36 Connecting to database SleOracle (SLEPLANC) with *autoconnection=true
2018-06-26 18:31:38 Connecting to database eTeam () with *autoconnection=false
2018-06-26 18:31:38 Plugin AccountIP found
2018-06-26 18:31:38 Plugin AccountIP.startPlugin() sucsefully
2018-06-26 18:31:47 Looking for parameters in externa file.
2018-06-26 18:32:11 No key field found for database table NMM027
2018-06-26 18:32:11 Database table NMM027 keys fields alter by DBAccess.
2018-06-26 18:32:11 No key field found for database table ZIFI_REGCONT
2018-06-26 18:32:11 Database table ZIFI_REGCONT keys fields alter by DBAccess.
2018-06-26 18:32:20 null
java.lang.NumberFormatException: null
	at java.lang.Integer.parseInt(Unknown Source)
	at java.lang.Integer.valueOf(Unknown Source)
	at plugin.accounti.SendAccountsMovementTask.sendMail(SendAccountsMovementTask.java:155)
	at plugin.accounti.SendAccountsMovementTask.run(SendAccountsMovementTask.java:125)
	at java.util.concurrent.Executors$RunnableAdapter.call(Unknown Source)
	at java.util.concurrent.FutureTask.run(Unknown Source)
	at java.util.concurrent.ThreadPoolExecutor.runWorker(Unknown Source)
	at java.util.concurrent.ThreadPoolExecutor$Worker.run(Unknown Source)
	at java.lang.Thread.run(Unknown Source)

