/*C2*/SET SCHEMA PUBLIC
CONNECT USER SA
SET AUTOCOMMIT FALSE
DELETE FROM T_LOCAL_PROPERTIES WHERE T_LPUSERID='' AND T_LPID='RemindUser' AND T_LPOBJECT=''
INSERT INTO T_LOCAL_PROPERTIES VALUES('','RemindUser','','aced0005737200116a6176612e6c616e672e426f6f6c65616ecd207280d59cfaee0200015a000576616c7565787001')
SET AUTOCOMMIT TRUE
SET AUTOCOMMIT FALSE
DELETE FROM T_LOCAL_PROPERTIES WHERE T_LPUSERID='' AND T_LPID='User' AND T_LPOBJECT=''
INSERT INTO T_LOCAL_PROPERTIES VALUES('','User','','aced0005740008534c45504c414e43')
SET AUTOCOMMIT TRUE
SET AUTOCOMMIT FALSE
DELETE FROM T_LOCAL_PROPERTIES WHERE T_LPUSERID='SLEPLANC' AND T_LPID='TableColumnWidth' AND T_LPOBJECT='plugin.accounti.CompanyList'
INSERT INTO T_LOCAL_PROPERTIES VALUES('SLEPLANC','TableColumnWidth','plugin.accounti.CompanyList','aced00057400063138393b3735')
SET AUTOCOMMIT TRUE
SET AUTOCOMMIT FALSE
DELETE FROM T_LOCAL_PROPERTIES WHERE T_LPUSERID='SLEPLANC' AND T_LPID='TableColumnWidth' AND T_LPOBJECT='plugin.accounti.CompanyList'
INSERT INTO T_LOCAL_PROPERTIES VALUES('SLEPLANC','TableColumnWidth','plugin.accounti.CompanyList','aced00057400073138393b323338')
SET AUTOCOMMIT TRUE
SET AUTOCOMMIT FALSE
DELETE FROM T_LOCAL_PROPERTIES WHERE T_LPUSERID='SLEPLANC' AND T_LPID='TableColumnWidth' AND T_LPOBJECT='plugin.accounti.PayrollList'
INSERT INTO T_LOCAL_PROPERTIES VALUES('SLEPLANC','TableColumnWidth','plugin.accounti.PayrollList','aced000574000537303b3735')
SET AUTOCOMMIT TRUE
SET AUTOCOMMIT FALSE
DELETE FROM T_LOCAL_PROPERTIES WHERE T_LPUSERID='SLEPLANC' AND T_LPID='TableColumnWidth' AND T_LPOBJECT='plugin.accounti.PayrollList'
INSERT INTO T_LOCAL_PROPERTIES VALUES('SLEPLANC','TableColumnWidth','plugin.accounti.PayrollList','aced000574000637303b333538')
SET AUTOCOMMIT TRUE
